This is LuaHBTeX, Version 1.17.0 (TeX Live 2023/nixos.org)  (format=lualatex 1980.1.1)  1 JAN 1980 09:00
 restricted system commands enabled.
**sample.tex

(/nix/store/6mv0q25ndsd9hdx6xfmcbdg9lwacvw08-texlive-combined-2023-texmfdist/te
x/context/sample/common/sample.tex
LaTeX2e <2023-11-01> patch level 1
L3 programming layer <2024-02-20>
Lua module: luaotfload 2024-02-14 3.28 Lua based OpenType font support
Lua module: lualibs 2023-07-13 2.76 ConTeXt Lua standard libraries.
Lua module: lualibs-extended 2023-07-13 2.76 ConTeXt Lua libraries -- extended c
ollection.
luaotfload | conf : Root cache directory is "/home/haru/.texlive2023/texmf-var/l
uatex-cache/generic/names".
luaotfload | init : Loading fontloader "fontloader-2023-12-28.lua" from kpse-res
olved path "/nix/store/6mv0q25ndsd9hdx6xfmcbdg9lwacvw08-texlive-combined-2023-te
xmfdist/tex/luatex/luaotfload/fontloader-2023-12-28.lua".
Lua-only attribute luaotfload@noligature = 1
luaotfload | init : Context OpenType loader version 3.134
Inserting `luaotfload.node_processor' in `pre_linebreak_filter'.
Inserting `luaotfload.node_processor' in `hpack_filter'.
Inserting `luaotfload.glyph_stream' in `glyph_stream_provider'.
Inserting `luaotfload.define_font' in `define_font'.
Lua-only attribute luaotfload_color_attribute = 2
luaotfload | conf : Root cache directory is "/home/haru/.texlive2023/texmf-var/l
uatex-cache/generic/names".
Inserting `luaotfload.harf.strip_prefix' in `find_opentype_file'.
Inserting `luaotfload.harf.strip_prefix' in `find_truetype_file'.
Removing  `luaotfload.glyph_stream' from `glyph_stream_provider'.
Inserting `luaotfload.harf.glyphstream' in `glyph_stream_provider'.
Inserting `luaotfload.harf.finalize_vlist' in `post_linebreak_filter'.
Inserting `luaotfload.harf.finalize_hlist' in `hpack_filter'.
Inserting `luaotfload.cleanup_files' in `wrapup_run'.
Inserting `luaotfload.harf.finalize_unicode' in `finish_pdffile'.
Inserting `luaotfload.glyphinfo' in `glyph_info'.
Lua-only attribute luaotfload.letterspace_done = 3
Inserting `luaotfload.aux.set_sscale_dimens' in `luaotfload.patch_font'.
Inserting `luaotfload.aux.set_font_index' in `luaotfload.patch_font'.
Inserting `luaotfload.aux.patch_cambria_domh' in `luaotfload.patch_font'.
Inserting `luaotfload.aux.fixup_fontdata' in `luaotfload.patch_font_unsafe'.
Inserting `luaotfload.aux.set_capheight' in `luaotfload.patch_font'.
Inserting `luaotfload.aux.set_xheight' in `luaotfload.patch_font'.
Inserting `luaotfload.rewrite_fontname' in `luaotfload.patch_font'.
Inserting `tracingstacklevels' in `input_level_string'.
! Undefined control sequence.
l.4 \starttext
            
? 

! LaTeX Error: Missing \begin{document}.

See the LaTeX manual or LaTeX Companion for explanation.
Type  H <return>  for immediate help.
 ...                                              
                                                  
l.6 s
   ee \type {samples.tex}
? 
! Undefined control sequence.
l.6 see \type
            {samples.tex}
? 

Overfull \hbox (20.0pt too wide) in paragraph at lines 6--7
[]see
 []

! Undefined control sequence.
l.8 \blank
        
? 
! Undefined control sequence.
l.10 \startluacode
                
? 

! LaTeX Error: Missing \begin{document}.

See the LaTeX manual or LaTeX Companion for explanation.
Type  H <return>  for immediate help.
 ...                                              
                                                  
l.11     c
        ontext("see \\type {samples.tex}")
? 
! Undefined control sequence.
l.12 \stopluacode
               
? 

Overfull \hbox (20.0pt too wide) in paragraph at lines 11--13
[]context("see 
 []

! Undefined control sequence.
l.14 \blank
         
? 
! Undefined control sequence.
l.16 \startMPcode
               
? 

! LaTeX Error: Missing \begin{document}.

See the LaTeX manual or LaTeX Companion for explanation.
Type  H <return>  for immediate help.
 ...                                              
                                                  
l.17     d
        raw textext("see \type {samples.tex}") ;
? 
! Undefined control sequence.
l.17     draw textext("see \type
                               {samples.tex}") ;
? 
! Undefined control sequence.
l.19 \stopMPcode
              
? 

Overfull \hbox (20.0pt too wide) in paragraph at lines 17--20
[]draw
 []

! Undefined control sequence.
l.21 \stoptext
            
? 
)
*
(Please type a command or say `\end')
*\end/

! LaTeX Error: \begin{document} ended by \end{/}.

See the LaTeX manual or LaTeX Companion for explanation.
Type  H <return>  for immediate help.
 ...                                              
                                                  
<*> \end/
      
? \end/

? \emd
Type <return> to proceed, S to scroll future error messages,
R to run without stopping, Q to run quietly,
I to insert something, 
1 or ... or 9 to ignore the next 1 to 9 tokens of input,
H for help, X to quit.
? X


Here is how much of LuaTeX's memory you used:
 23 strings out of 476447
 100000,1977958 words of node,token memory allocated 1471 words of node memory still in use:
   10 hlist, 3 local_par, 1 dir, 29 glue, 3 kern, 8 penalty, 115 glyph, 12 attri
bute, 39 glue_spec, 12 attribute_list, 1 if_stack nodes
   avail lists: 2:3,3:1,4:9,5:1,7:11,10:8
 22236 multiletter control sequences out of 65536+600000
 14 fonts using 591679 bytes
 15i,0n,20p,90b,15s stack positions out of 10000i,1000n,20000p,200000b,200000s

warning  (pdf backend): no pages of output.

PDF statistics: 0 PDF objects out of 1000 (max. 8388607)
 0 named destinations out of 1000 (max. 131072)
 1 words of extra memory for PDF output out of 10000 (max. 100000000)

